# JRE version: OpenJDK Runtime Environment (8.0_202-b03) (build 1.8.0_202-release-1483-b03)
# Java VM: OpenJDK 64-Bit Server VM (25.202-b03 mixed mode windows-amd64 compressed oops)
Heap:
 PSYoungGen      total 116736K, used 46866K [0x00000000e0000000, 0x00000000ea100000, 0x0000000100000000)
  eden space 103936K, 32% used [0x00000000e0000000,0x00000000e2145538,0x00000000e6580000)
  from space 12800K, 99% used [0x00000000e6580000,0x00000000e71ff3e8,0x00000000e7200000)
  to   space 14848K, 0% used [0x00000000e9280000,0x00000000e9280000,0x00000000ea100000)
 ParOldGen       total 174592K, used 18446K [0x00000000a0000000, 0x00000000aaa80000, 0x00000000e0000000)
  object space 174592K, 10% used [0x00000000a0000000,0x00000000a1203b08,0x00000000aaa80000)
 Metaspace       used 48066K, capacity 49196K, committed 49240K, reserved 1091584K
  class space    used 6480K, capacity 6757K, committed 6784K, reserved 1048576K
GC Heap History (10 events):
Event: 7.956 GC heap before
{Heap before GC invocations=5 (full 1):
 PSYoungGen      total 75776K, used 65024K [0x00000000e0000000, 0x00000000e5480000, 0x0000000100000000)
  eden space 65024K, 100% used [0x00000000e0000000,0x00000000e3f80000,0x00000000e3f80000)
  from space 10752K, 0% used [0x00000000e3f80000,0x00000000e3f80000,0x00000000e4a00000)
  to   space 10752K, 0% used [0x00000000e4a00000,0x00000000e4a00000,0x00000000e5480000)
 ParOldGen       total 104960K, used 11159K [0x00000000a0000000, 0x00000000a6680000, 0x00000000e0000000)
  object space 104960K, 10% used [0x00000000a0000000,0x00000000a0ae5c40,0x00000000a6680000)
 Metaspace       used 28646K, capacity 29126K, committed 29440K, reserved 1075200K
  class space    used 3855K, capacity 4013K, committed 4096K, reserved 1048576K
Event: 7.962 GC heap after
Heap after GC invocations=5 (full 1):
 PSYoungGen      total 75776K, used 7802K [0x00000000e0000000, 0x00000000e7800000, 0x0000000100000000)
  eden space 65024K, 0% used [0x00000000e0000000,0x00000000e0000000,0x00000000e3f80000)
  from space 10752K, 72% used [0x00000000e4a00000,0x00000000e519ebb0,0x00000000e5480000)
  to   space 10752K, 0% used [0x00000000e3f80000,0x00000000e3f80000,0x00000000e4a00000)
 ParOldGen       total 104960K, used 11167K [0x00000000a0000000, 0x00000000a6680000, 0x00000000e0000000)
  object space 104960K, 10% used [0x00000000a0000000,0x00000000a0ae7c40,0x00000000a6680000)
 Metaspace       used 28646K, capacity 29126K, committed 29440K, reserved 1075200K
  class space    used 3855K, capacity 4013K, committed 4096K, reserved 1048576K
}
Event: 8.670 GC heap before
{Heap before GC invocations=6 (full 1):
 PSYoungGen      total 75776K, used 72826K [0x00000000e0000000, 0x00000000e7800000, 0x0000000100000000)
  eden space 65024K, 100% used [0x00000000e0000000,0x00000000e3f80000,0x00000000e3f80000)
  from space 10752K, 72% used [0x00000000e4a00000,0x00000000e519ebb0,0x00000000e5480000)
  to   space 10752K, 0% used [0x00000000e3f80000,0x00000000e3f80000,0x00000000e4a00000)
 ParOldGen       total 104960K, used 11167K [0x00000000a0000000, 0x00000000a6680000, 0x00000000e0000000)
  object space 104960K, 10% used [0x00000000a0000000,0x00000000a0ae7c40,0x00000000a6680000)
 Metaspace       used 31845K, capacity 32356K, committed 32768K, reserved 1077248K
  class space    used 4378K, capacity 4535K, committed 4608K, reserved 1048576K
Event: 8.680 GC heap after
Heap after GC invocations=6 (full 1):
 PSYoungGen      total 75776K, used 8439K [0x00000000e0000000, 0x00000000e7e00000, 0x0000000100000000)
  eden space 65024K, 0% used [0x00000000e0000000,0x00000000e0000000,0x00000000e3f80000)
  from space 10752K, 78% used [0x00000000e3f80000,0x00000000e47bdfa8,0x00000000e4a00000)
  to   space 12288K, 0% used [0x00000000e7200000,0x00000000e7200000,0x00000000e7e00000)
 ParOldGen       total 104960K, used 11175K [0x00000000a0000000, 0x00000000a6680000, 0x00000000e0000000)
  object space 104960K, 10% used [0x00000000a0000000,0x00000000a0ae9c40,0x00000000a6680000)
 Metaspace       used 31845K, capacity 32356K, committed 32768K, reserved 1077248K
  class space    used 4378K, capacity 4535K, committed 4608K, reserved 1048576K
}
Event: 9.681 GC heap before
{Heap before GC invocations=7 (full 1):
 PSYoungGen      total 75776K, used 60273K [0x00000000e0000000, 0x00000000e7e00000, 0x0000000100000000)
  eden space 65024K, 79% used [0x00000000e0000000,0x00000000e329e710,0x00000000e3f80000)
  from space 10752K, 78% used [0x00000000e3f80000,0x00000000e47bdfa8,0x00000000e4a00000)
  to   space 12288K, 0% used [0x00000000e7200000,0x00000000e7200000,0x00000000e7e00000)
 ParOldGen       total 104960K, used 11175K [0x00000000a0000000, 0x00000000a6680000, 0x00000000e0000000)
  object space 104960K, 10% used [0x00000000a0000000,0x00000000a0ae9c40,0x00000000a6680000)
 Metaspace       used 34572K, capacity 35244K, committed 35416K, reserved 1079296K
  class space    used 4748K, capacity 4945K, committed 4992K, reserved 1048576K
Event: 9.695 GC heap after
Heap after GC invocations=7 (full 1):
 PSYoungGen      total 116224K, used 10220K [0x00000000e0000000, 0x00000000e8080000, 0x0000000100000000)
  eden space 103936K, 0% used [0x00000000e0000000,0x00000000e0000000,0x00000000e6580000)
  from space 12288K, 83% used [0x00000000e7200000,0x00000000e7bfb358,0x00000000e7e00000)
  to   space 12800K, 0% used [0x00000000e6580000,0x00000000e6580000,0x00000000e7200000)
 ParOldGen       total 104960K, used 11183K [0x00000000a0000000, 0x00000000a6680000, 0x00000000e0000000)
  object space 104960K, 10% used [0x00000000a0000000,0x00000000a0aebc40,0x00000000a6680000)
 Metaspace       used 34572K, capacity 35244K, committed 35416K, reserved 1079296K
  class space    used 4748K, capacity 4945K, committed 4992K, reserved 1048576K
}
Event: 9.695 GC heap before
{Heap before GC invocations=8 (full 2):
 PSYoungGen      total 116224K, used 10220K [0x00000000e0000000, 0x00000000e8080000, 0x0000000100000000)
  eden space 103936K, 0% used [0x00000000e0000000,0x00000000e0000000,0x00000000e6580000)
  from space 12288K, 83% used [0x00000000e7200000,0x00000000e7bfb358,0x00000000e7e00000)
  to   space 12800K, 0% used [0x00000000e6580000,0x00000000e6580000,0x00000000e7200000)
 ParOldGen       total 104960K, used 11183K [0x00000000a0000000, 0x00000000a6680000, 0x00000000e0000000)
  object space 104960K, 10% used [0x00000000a0000000,0x00000000a0aebc40,0x00000000a6680000)
 Metaspace       used 34572K, capacity 35244K, committed 35416K, reserved 1079296K
  class space    used 4748K, capacity 4945K, committed 4992K, reserved 1048576K
Event: 9.811 GC heap after
Heap after GC invocations=8 (full 2):
 PSYoungGen      total 116224K, used 0K [0x00000000e0000000, 0x00000000e8080000, 0x0000000100000000)
  eden space 103936K, 0% used [0x00000000e0000000,0x00000000e0000000,0x00000000e6580000)
  from space 12288K, 0% used [0x00000000e7200000,0x00000000e7200000,0x00000000e7e00000)
  to   space 12800K, 0% used [0x00000000e6580000,0x00000000e6580000,0x00000000e7200000)
 ParOldGen       total 174592K, used 16993K [0x00000000a0000000, 0x00000000aaa80000, 0x00000000e0000000)
  object space 174592K, 9% used [0x00000000a0000000,0x00000000a1098618,0x00000000aaa80000)
 Metaspace       used 34558K, capacity 35196K, committed 35416K, reserved 1079296K
  class space    used 4743K, capacity 4937K, committed 4992K, reserved 1048576K
}
Event: 11.343 GC heap before
{Heap before GC invocations=9 (full 2):
 PSYoungGen      total 116224K, used 103936K [0x00000000e0000000, 0x00000000e8080000, 0x0000000100000000)
  eden space 103936K, 100% used [0x00000000e0000000,0x00000000e6580000,0x00000000e6580000)
  from space 12288K, 0% used [0x00000000e7200000,0x00000000e7200000,0x00000000e7e00000)
  to   space 12800K, 0% used [0x00000000e6580000,0x00000000e6580000,0x00000000e7200000)
 ParOldGen       total 174592K, used 16993K [0x00000000a0000000, 0x00000000aaa80000, 0x00000000e0000000)
  object space 174592K, 9% used [0x00000000a0000000,0x00000000a1098618,0x00000000aaa80000)
 Metaspace       used 45107K, capacity 46074K, committed 46552K, reserved 1089536K
  class space    used 6063K, capacity 6295K, committed 6400K, reserved 1048576K
Event: 11.355 GC heap after
Heap after GC invocations=9 (full 2):
 PSYoungGen      total 116736K, used 12796K [0x00000000e0000000, 0x00000000ea100000, 0x0000000100000000)
  eden space 103936K, 0% used [0x00000000e0000000,0x00000000e0000000,0x00000000e6580000)
  from space 12800K, 99% used [0x00000000e6580000,0x00000000e71ff3e8,0x00000000e7200000)
  to   space 14848K, 0% used [0x00000000e9280000,0x00000000e9280000,0x00000000ea100000)
 ParOldGen       total 174592K, used 18446K [0x00000000a0000000, 0x00000000aaa80000, 0x00000000e0000000)
  object space 174592K, 10% used [0x00000000a0000000,0x00000000a1203b08,0x00000000aaa80000)
 Metaspace       used 45107K, capacity 46074K, committed 46552K, reserved 1089536K
  class space    used 6063K, capacity 6295K, committed 6400K, reserved 1048576K
}

