# JRE version: OpenJDK Runtime Environment (8.0_202-b03) (build 1.8.0_202-release-1483-b03)
# Java VM: OpenJDK 64-Bit Server VM (25.202-b03 mixed mode windows-amd64 compressed oops)
Heap:
 PSYoungGen      total 142336K, used 38269K [0x00000000e0000000, 0x00000000eb480000, 0x0000000100000000)
  eden space 128000K, 21% used [0x00000000e0000000,0x00000000e1b63aa8,0x00000000e7d00000)
  from space 14336K, 71% used [0x00000000e9000000,0x00000000e99fba78,0x00000000e9e00000)
  to   space 19456K, 0% used [0x00000000e7d00000,0x00000000e7d00000,0x00000000e9000000)
 ParOldGen       total 185856K, used 32775K [0x00000000a0000000, 0x00000000ab580000, 0x00000000e0000000)
  object space 185856K, 17% used [0x00000000a0000000,0x00000000a2001eb8,0x00000000ab580000)
 Metaspace       used 64006K, capacity 66778K, committed 66944K, reserved 1107968K
  class space    used 8758K, capacity 9302K, committed 9344K, reserved 1048576K
GC Heap History (10 events):
Event: 11.311 GC heap before
{Heap before GC invocations=9 (full 2):
 PSYoungGen      total 114176K, used 100864K [0x00000000e0000000, 0x00000000e7f80000, 0x0000000100000000)
  eden space 100864K, 100% used [0x00000000e0000000,0x00000000e6280000,0x00000000e6280000)
  from space 13312K, 0% used [0x00000000e6f80000,0x00000000e6f80000,0x00000000e7c80000)
  to   space 13312K, 0% used [0x00000000e6280000,0x00000000e6280000,0x00000000e6f80000)
 ParOldGen       total 185856K, used 17298K [0x00000000a0000000, 0x00000000ab580000, 0x00000000e0000000)
  object space 185856K, 9% used [0x00000000a0000000,0x00000000a10e4b60,0x00000000ab580000)
 Metaspace       used 44244K, capacity 45614K, committed 45696K, reserved 1089536K
  class space    used 6000K, capacity 6268K, committed 6272K, reserved 1048576K
Event: 11.325 GC heap after
Heap after GC invocations=9 (full 2):
 PSYoungGen      total 114176K, used 13123K [0x00000000e0000000, 0x00000000e9e00000, 0x0000000100000000)
  eden space 100864K, 0% used [0x00000000e0000000,0x00000000e0000000,0x00000000e6280000)
  from space 13312K, 98% used [0x00000000e6280000,0x00000000e6f50db8,0x00000000e6f80000)
  to   space 14336K, 0% used [0x00000000e9000000,0x00000000e9000000,0x00000000e9e00000)
 ParOldGen       total 185856K, used 17306K [0x00000000a0000000, 0x00000000ab580000, 0x00000000e0000000)
  object space 185856K, 9% used [0x00000000a0000000,0x00000000a10e6b60,0x00000000ab580000)
 Metaspace       used 44244K, capacity 45614K, committed 45696K, reserved 1089536K
  class space    used 6000K, capacity 6268K, committed 6272K, reserved 1048576K
}
Event: 12.601 GC heap before
{Heap before GC invocations=10 (full 2):
 PSYoungGen      total 114176K, used 113987K [0x00000000e0000000, 0x00000000e9e00000, 0x0000000100000000)
  eden space 100864K, 100% used [0x00000000e0000000,0x00000000e6280000,0x00000000e6280000)
  from space 13312K, 98% used [0x00000000e6280000,0x00000000e6f50db8,0x00000000e6f80000)
  to   space 14336K, 0% used [0x00000000e9000000,0x00000000e9000000,0x00000000e9e00000)
 ParOldGen       total 185856K, used 17306K [0x00000000a0000000, 0x00000000ab580000, 0x00000000e0000000)
  object space 185856K, 9% used [0x00000000a0000000,0x00000000a10e6b60,0x00000000ab580000)
 Metaspace       used 52189K, capacity 54056K, committed 54144K, reserved 1095680K
  class space    used 7081K, capacity 7498K, committed 7552K, reserved 1048576K
Event: 12.614 GC heap after
Heap after GC invocations=10 (full 2):
 PSYoungGen      total 143872K, used 14313K [0x00000000e0000000, 0x00000000ea480000, 0x0000000100000000)
  eden space 129536K, 0% used [0x00000000e0000000,0x00000000e0000000,0x00000000e7e80000)
  from space 14336K, 99% used [0x00000000e9000000,0x00000000e9dfa510,0x00000000e9e00000)
  to   space 17920K, 0% used [0x00000000e7e80000,0x00000000e7e80000,0x00000000e9000000)
 ParOldGen       total 185856K, used 21487K [0x00000000a0000000, 0x00000000ab580000, 0x00000000e0000000)
  object space 185856K, 11% used [0x00000000a0000000,0x00000000a14fbdb0,0x00000000ab580000)
 Metaspace       used 52189K, capacity 54056K, committed 54144K, reserved 1095680K
  class space    used 7081K, capacity 7498K, committed 7552K, reserved 1048576K
}
Event: 13.827 GC heap before
{Heap before GC invocations=11 (full 2):
 PSYoungGen      total 143872K, used 101717K [0x00000000e0000000, 0x00000000ea480000, 0x0000000100000000)
  eden space 129536K, 67% used [0x00000000e0000000,0x00000000e555b0e8,0x00000000e7e80000)
  from space 14336K, 99% used [0x00000000e9000000,0x00000000e9dfa510,0x00000000e9e00000)
  to   space 17920K, 0% used [0x00000000e7e80000,0x00000000e7e80000,0x00000000e9000000)
 ParOldGen       total 185856K, used 21487K [0x00000000a0000000, 0x00000000ab580000, 0x00000000e0000000)
  object space 185856K, 11% used [0x00000000a0000000,0x00000000a14fbdb0,0x00000000ab580000)
 Metaspace       used 56951K, capacity 58990K, committed 59096K, reserved 1099776K
  class space    used 7785K, capacity 8248K, committed 8320K, reserved 1048576K
Event: 13.847 GC heap after
Heap after GC invocations=11 (full 2):
 PSYoungGen      total 147456K, used 17899K [0x00000000e0000000, 0x00000000ea480000, 0x0000000100000000)
  eden space 129536K, 0% used [0x00000000e0000000,0x00000000e0000000,0x00000000e7e80000)
  from space 17920K, 99% used [0x00000000e7e80000,0x00000000e8ffaeb8,0x00000000e9000000)
  to   space 14336K, 0% used [0x00000000e9000000,0x00000000e9000000,0x00000000e9e00000)
 ParOldGen       total 185856K, used 21889K [0x00000000a0000000, 0x00000000ab580000, 0x00000000e0000000)
  object space 185856K, 11% used [0x00000000a0000000,0x00000000a1560788,0x00000000ab580000)
 Metaspace       used 56951K, capacity 58990K, committed 59096K, reserved 1099776K
  class space    used 7785K, capacity 8248K, committed 8320K, reserved 1048576K
}
Event: 13.847 GC heap before
{Heap before GC invocations=12 (full 3):
 PSYoungGen      total 147456K, used 17899K [0x00000000e0000000, 0x00000000ea480000, 0x0000000100000000)
  eden space 129536K, 0% used [0x00000000e0000000,0x00000000e0000000,0x00000000e7e80000)
  from space 17920K, 99% used [0x00000000e7e80000,0x00000000e8ffaeb8,0x00000000e9000000)
  to   space 14336K, 0% used [0x00000000e9000000,0x00000000e9000000,0x00000000e9e00000)
 ParOldGen       total 185856K, used 21889K [0x00000000a0000000, 0x00000000ab580000, 0x00000000e0000000)
  object space 185856K, 11% used [0x00000000a0000000,0x00000000a1560788,0x00000000ab580000)
 Metaspace       used 56951K, capacity 58990K, committed 59096K, reserved 1099776K
  class space    used 7785K, capacity 8248K, committed 8320K, reserved 1048576K
Event: 14.121 GC heap after
Heap after GC invocations=12 (full 3):
 PSYoungGen      total 147456K, used 0K [0x00000000e0000000, 0x00000000ea480000, 0x0000000100000000)
  eden space 129536K, 0% used [0x00000000e0000000,0x00000000e0000000,0x00000000e7e80000)
  from space 17920K, 0% used [0x00000000e7e80000,0x00000000e7e80000,0x00000000e9000000)
  to   space 14336K, 0% used [0x00000000e9000000,0x00000000e9000000,0x00000000e9e00000)
 ParOldGen       total 185856K, used 32767K [0x00000000a0000000, 0x00000000ab580000, 0x00000000e0000000)
  object space 185856K, 17% used [0x00000000a0000000,0x00000000a1fffeb8,0x00000000ab580000)
 Metaspace       used 56920K, capacity 58888K, committed 59096K, reserved 1099776K
  class space    used 7775K, capacity 8231K, committed 8320K, reserved 1048576K
}
Event: 16.710 GC heap before
{Heap before GC invocations=13 (full 3):
 PSYoungGen      total 147456K, used 129536K [0x00000000e0000000, 0x00000000ea480000, 0x0000000100000000)
  eden space 129536K, 100% used [0x00000000e0000000,0x00000000e7e80000,0x00000000e7e80000)
  from space 17920K, 0% used [0x00000000e7e80000,0x00000000e7e80000,0x00000000e9000000)
  to   space 14336K, 0% used [0x00000000e9000000,0x00000000e9000000,0x00000000e9e00000)
 ParOldGen       total 185856K, used 32767K [0x00000000a0000000, 0x00000000ab580000, 0x00000000e0000000)
  object space 185856K, 17% used [0x00000000a0000000,0x00000000a1fffeb8,0x00000000ab580000)
 Metaspace       used 63196K, capacity 65872K, committed 66048K, reserved 1105920K
  class space    used 8642K, capacity 9197K, committed 9216K, reserved 1048576K
Event: 16.721 GC heap after
Heap after GC invocations=13 (full 3):
 PSYoungGen      total 142336K, used 10222K [0x00000000e0000000, 0x00000000eb480000, 0x0000000100000000)
  eden space 128000K, 0% used [0x00000000e0000000,0x00000000e0000000,0x00000000e7d00000)
  from space 14336K, 71% used [0x00000000e9000000,0x00000000e99fba78,0x00000000e9e00000)
  to   space 19456K, 0% used [0x00000000e7d00000,0x00000000e7d00000,0x00000000e9000000)
 ParOldGen       total 185856K, used 32775K [0x00000000a0000000, 0x00000000ab580000, 0x00000000e0000000)
  object space 185856K, 17% used [0x00000000a0000000,0x00000000a2001eb8,0x00000000ab580000)
 Metaspace       used 63196K, capacity 65872K, committed 66048K, reserved 1105920K
  class space    used 8642K, capacity 9197K, committed 9216K, reserved 1048576K
}

