# JRE version: OpenJDK Runtime Environment (8.0_202-b03) (build 1.8.0_202-release-1483-b03)
# Java VM: OpenJDK 64-Bit Server VM (25.202-b03 mixed mode windows-amd64 compressed oops)
Heap:
 PSYoungGen      total 112128K, used 45502K [0x00000000e0000000, 0x00000000e7b00000, 0x0000000100000000)
  eden space 99328K, 32% used [0x00000000e0000000,0x00000000e1ff5378,0x00000000e6100000)
  from space 12800K, 99% used [0x00000000e6100000,0x00000000e6d7a7f8,0x00000000e6d80000)
  to   space 12288K, 0% used [0x00000000e6d80000,0x00000000e6d80000,0x00000000e7980000)
 ParOldGen       total 110080K, used 17631K [0x00000000a0000000, 0x00000000a6b80000, 0x00000000e0000000)
  object space 110080K, 16% used [0x00000000a0000000,0x00000000a1137dc8,0x00000000a6b80000)
 Metaspace       used 47723K, capacity 48904K, committed 48984K, reserved 1091584K
  class space    used 6423K, capacity 6725K, committed 6744K, reserved 1048576K
GC Heap History (10 events):
Event: 7.452 GC heap before
{Heap before GC invocations=5 (full 1):
 PSYoungGen      total 75776K, used 65024K [0x00000000e0000000, 0x00000000e5480000, 0x0000000100000000)
  eden space 65024K, 100% used [0x00000000e0000000,0x00000000e3f80000,0x00000000e3f80000)
  from space 10752K, 0% used [0x00000000e3f80000,0x00000000e3f80000,0x00000000e4a00000)
  to   space 10752K, 0% used [0x00000000e4a00000,0x00000000e4a00000,0x00000000e5480000)
 ParOldGen       total 110080K, used 11179K [0x00000000a0000000, 0x00000000a6b80000, 0x00000000e0000000)
  object space 110080K, 10% used [0x00000000a0000000,0x00000000a0aeaca0,0x00000000a6b80000)
 Metaspace       used 28658K, capacity 29126K, committed 29440K, reserved 1075200K
  class space    used 3856K, capacity 4013K, committed 4096K, reserved 1048576K
Event: 7.458 GC heap after
Heap after GC invocations=5 (full 1):
 PSYoungGen      total 75776K, used 7820K [0x00000000e0000000, 0x00000000e7380000, 0x0000000100000000)
  eden space 65024K, 0% used [0x00000000e0000000,0x00000000e0000000,0x00000000e3f80000)
  from space 10752K, 72% used [0x00000000e4a00000,0x00000000e51a31d8,0x00000000e5480000)
  to   space 10752K, 0% used [0x00000000e3f80000,0x00000000e3f80000,0x00000000e4a00000)
 ParOldGen       total 110080K, used 11187K [0x00000000a0000000, 0x00000000a6b80000, 0x00000000e0000000)
  object space 110080K, 10% used [0x00000000a0000000,0x00000000a0aecca0,0x00000000a6b80000)
 Metaspace       used 28658K, capacity 29126K, committed 29440K, reserved 1075200K
  class space    used 3856K, capacity 4013K, committed 4096K, reserved 1048576K
}
Event: 8.206 GC heap before
{Heap before GC invocations=6 (full 1):
 PSYoungGen      total 75776K, used 72844K [0x00000000e0000000, 0x00000000e7380000, 0x0000000100000000)
  eden space 65024K, 100% used [0x00000000e0000000,0x00000000e3f80000,0x00000000e3f80000)
  from space 10752K, 72% used [0x00000000e4a00000,0x00000000e51a31d8,0x00000000e5480000)
  to   space 10752K, 0% used [0x00000000e3f80000,0x00000000e3f80000,0x00000000e4a00000)
 ParOldGen       total 110080K, used 11187K [0x00000000a0000000, 0x00000000a6b80000, 0x00000000e0000000)
  object space 110080K, 10% used [0x00000000a0000000,0x00000000a0aecca0,0x00000000a6b80000)
 Metaspace       used 31934K, capacity 32452K, committed 32768K, reserved 1077248K
  class space    used 4389K, capacity 4567K, committed 4608K, reserved 1048576K
Event: 8.216 GC heap after
Heap after GC invocations=6 (full 1):
 PSYoungGen      total 75776K, used 8518K [0x00000000e0000000, 0x00000000e7980000, 0x0000000100000000)
  eden space 65024K, 0% used [0x00000000e0000000,0x00000000e0000000,0x00000000e3f80000)
  from space 10752K, 79% used [0x00000000e3f80000,0x00000000e47d19b0,0x00000000e4a00000)
  to   space 12288K, 0% used [0x00000000e6d80000,0x00000000e6d80000,0x00000000e7980000)
 ParOldGen       total 110080K, used 11195K [0x00000000a0000000, 0x00000000a6b80000, 0x00000000e0000000)
  object space 110080K, 10% used [0x00000000a0000000,0x00000000a0aeeca0,0x00000000a6b80000)
 Metaspace       used 31934K, capacity 32452K, committed 32768K, reserved 1077248K
  class space    used 4389K, capacity 4567K, committed 4608K, reserved 1048576K
}
Event: 9.473 GC heap before
{Heap before GC invocations=7 (full 1):
 PSYoungGen      total 75776K, used 58792K [0x00000000e0000000, 0x00000000e7980000, 0x0000000100000000)
  eden space 65024K, 77% used [0x00000000e0000000,0x00000000e31189e8,0x00000000e3f80000)
  from space 10752K, 79% used [0x00000000e3f80000,0x00000000e47d19b0,0x00000000e4a00000)
  to   space 12288K, 0% used [0x00000000e6d80000,0x00000000e6d80000,0x00000000e7980000)
 ParOldGen       total 110080K, used 11195K [0x00000000a0000000, 0x00000000a6b80000, 0x00000000e0000000)
  object space 110080K, 10% used [0x00000000a0000000,0x00000000a0aeeca0,0x00000000a6b80000)
 Metaspace       used 34562K, capacity 35272K, committed 35416K, reserved 1079296K
  class space    used 4745K, capacity 4939K, committed 4952K, reserved 1048576K
Event: 9.486 GC heap after
Heap after GC invocations=7 (full 1):
 PSYoungGen      total 111616K, used 10029K [0x00000000e0000000, 0x00000000e7b00000, 0x0000000100000000)
  eden space 99328K, 0% used [0x00000000e0000000,0x00000000e0000000,0x00000000e6100000)
  from space 12288K, 81% used [0x00000000e6d80000,0x00000000e774b540,0x00000000e7980000)
  to   space 12800K, 0% used [0x00000000e6100000,0x00000000e6100000,0x00000000e6d80000)
 ParOldGen       total 110080K, used 11203K [0x00000000a0000000, 0x00000000a6b80000, 0x00000000e0000000)
  object space 110080K, 10% used [0x00000000a0000000,0x00000000a0af0ca0,0x00000000a6b80000)
 Metaspace       used 34562K, capacity 35272K, committed 35416K, reserved 1079296K
  class space    used 4745K, capacity 4939K, committed 4952K, reserved 1048576K
}
Event: 9.486 GC heap before
{Heap before GC invocations=8 (full 2):
 PSYoungGen      total 111616K, used 10029K [0x00000000e0000000, 0x00000000e7b00000, 0x0000000100000000)
  eden space 99328K, 0% used [0x00000000e0000000,0x00000000e0000000,0x00000000e6100000)
  from space 12288K, 81% used [0x00000000e6d80000,0x00000000e774b540,0x00000000e7980000)
  to   space 12800K, 0% used [0x00000000e6100000,0x00000000e6100000,0x00000000e6d80000)
 ParOldGen       total 110080K, used 11203K [0x00000000a0000000, 0x00000000a6b80000, 0x00000000e0000000)
  object space 110080K, 10% used [0x00000000a0000000,0x00000000a0af0ca0,0x00000000a6b80000)
 Metaspace       used 34562K, capacity 35272K, committed 35416K, reserved 1079296K
  class space    used 4745K, capacity 4939K, committed 4952K, reserved 1048576K
Event: 9.588 GC heap after
Heap after GC invocations=8 (full 2):
 PSYoungGen      total 111616K, used 0K [0x00000000e0000000, 0x00000000e7b00000, 0x0000000100000000)
  eden space 99328K, 0% used [0x00000000e0000000,0x00000000e0000000,0x00000000e6100000)
  from space 12288K, 0% used [0x00000000e6d80000,0x00000000e6d80000,0x00000000e7980000)
  to   space 12800K, 0% used [0x00000000e6100000,0x00000000e6100000,0x00000000e6d80000)
 ParOldGen       total 110080K, used 16888K [0x00000000a0000000, 0x00000000a6b80000, 0x00000000e0000000)
  object space 110080K, 15% used [0x00000000a0000000,0x00000000a107e220,0x00000000a6b80000)
 Metaspace       used 34559K, capacity 35260K, committed 35416K, reserved 1079296K
  class space    used 4744K, capacity 4937K, committed 4952K, reserved 1048576K
}
Event: 11.087 GC heap before
{Heap before GC invocations=9 (full 2):
 PSYoungGen      total 111616K, used 99328K [0x00000000e0000000, 0x00000000e7b00000, 0x0000000100000000)
  eden space 99328K, 100% used [0x00000000e0000000,0x00000000e6100000,0x00000000e6100000)
  from space 12288K, 0% used [0x00000000e6d80000,0x00000000e6d80000,0x00000000e7980000)
  to   space 12800K, 0% used [0x00000000e6100000,0x00000000e6100000,0x00000000e6d80000)
 ParOldGen       total 110080K, used 16888K [0x00000000a0000000, 0x00000000a6b80000, 0x00000000e0000000)
  object space 110080K, 15% used [0x00000000a0000000,0x00000000a107e220,0x00000000a6b80000)
 Metaspace       used 44859K, capacity 45788K, committed 46296K, reserved 1089536K
  class space    used 6014K, capacity 6246K, committed 6360K, reserved 1048576K
Event: 11.101 GC heap after
Heap after GC invocations=9 (full 2):
 PSYoungGen      total 112128K, used 12777K [0x00000000e0000000, 0x00000000e7b00000, 0x0000000100000000)
  eden space 99328K, 0% used [0x00000000e0000000,0x00000000e0000000,0x00000000e6100000)
  from space 12800K, 99% used [0x00000000e6100000,0x00000000e6d7a7f8,0x00000000e6d80000)
  to   space 12288K, 0% used [0x00000000e6d80000,0x00000000e6d80000,0x00000000e7980000)
 ParOldGen       total 110080K, used 17631K [0x00000000a0000000, 0x00000000a6b80000, 0x00000000e0000000)
  object space 110080K, 16% used [0x00000000a0000000,0x00000000a1137dc8,0x00000000a6b80000)
 Metaspace       used 44859K, capacity 45788K, committed 46296K, reserved 1089536K
  class space    used 6014K, capacity 6246K, committed 6360K, reserved 1048576K
}

