# JRE version: OpenJDK Runtime Environment (8.0_202-b03) (build 1.8.0_202-release-1483-b03)
# Java VM: OpenJDK 64-Bit Server VM (25.202-b03 mixed mode windows-amd64 compressed oops)
Heap:
 PSYoungGen      total 140800K, used 68781K [0x00000000e0000000, 0x00000000e9b80000, 0x0000000100000000)
  eden space 127488K, 53% used [0x00000000e0000000,0x00000000e432b578,0x00000000e7c80000)
  from space 13312K, 0% used [0x00000000e8e80000,0x00000000e8e80000,0x00000000e9b80000)
  to   space 10752K, 0% used [0x00000000e7c80000,0x00000000e7c80000,0x00000000e8700000)
 ParOldGen       total 115200K, used 15679K [0x00000000a0000000, 0x00000000a7080000, 0x00000000e0000000)
  object space 115200K, 13% used [0x00000000a0000000,0x00000000a0f4ff00,0x00000000a7080000)
 Metaspace       used 42325K, capacity 43194K, committed 43608K, reserved 1087488K
  class space    used 5720K, capacity 5973K, committed 6016K, reserved 1048576K
GC Heap History (10 events):
Event: 5.545 GC heap before
{Heap before GC invocations=4 (full 1):
 PSYoungGen      total 75776K, used 10747K [0x00000000e0000000, 0x00000000e9400000, 0x0000000100000000)
  eden space 65024K, 0% used [0x00000000e0000000,0x00000000e0000000,0x00000000e3f80000)
  from space 10752K, 99% used [0x00000000e3f80000,0x00000000e49fee20,0x00000000e4a00000)
  to   space 10752K, 0% used [0x00000000e8980000,0x00000000e8980000,0x00000000e9400000)
 ParOldGen       total 173568K, used 930K [0x00000000a0000000, 0x00000000aa980000, 0x00000000e0000000)
  object space 173568K, 0% used [0x00000000a0000000,0x00000000a00e8bf0,0x00000000aa980000)
 Metaspace       used 20709K, capacity 21116K, committed 21248K, reserved 1067008K
  class space    used 2914K, capacity 3066K, committed 3072K, reserved 1048576K
Event: 5.625 GC heap after
Heap after GC invocations=4 (full 1):
 PSYoungGen      total 75776K, used 0K [0x00000000e0000000, 0x00000000e9400000, 0x0000000100000000)
  eden space 65024K, 0% used [0x00000000e0000000,0x00000000e0000000,0x00000000e3f80000)
  from space 10752K, 0% used [0x00000000e3f80000,0x00000000e3f80000,0x00000000e4a00000)
  to   space 10752K, 0% used [0x00000000e8980000,0x00000000e8980000,0x00000000e9400000)
 ParOldGen       total 115200K, used 11326K [0x00000000a0000000, 0x00000000a7080000, 0x00000000e0000000)
  object space 115200K, 9% used [0x00000000a0000000,0x00000000a0b0fa80,0x00000000a7080000)
 Metaspace       used 20709K, capacity 21116K, committed 21248K, reserved 1067008K
  class space    used 2914K, capacity 3066K, committed 3072K, reserved 1048576K
}
Event: 6.740 GC heap before
{Heap before GC invocations=5 (full 1):
 PSYoungGen      total 75776K, used 65024K [0x00000000e0000000, 0x00000000e9400000, 0x0000000100000000)
  eden space 65024K, 100% used [0x00000000e0000000,0x00000000e3f80000,0x00000000e3f80000)
  from space 10752K, 0% used [0x00000000e3f80000,0x00000000e3f80000,0x00000000e4a00000)
  to   space 10752K, 0% used [0x00000000e8980000,0x00000000e8980000,0x00000000e9400000)
 ParOldGen       total 115200K, used 11326K [0x00000000a0000000, 0x00000000a7080000, 0x00000000e0000000)
  object space 115200K, 9% used [0x00000000a0000000,0x00000000a0b0fa80,0x00000000a7080000)
 Metaspace       used 28645K, capacity 29174K, committed 29696K, reserved 1075200K
  class space    used 3854K, capacity 4013K, committed 4096K, reserved 1048576K
Event: 6.748 GC heap after
Heap after GC invocations=5 (full 1):
 PSYoungGen      total 99328K, used 7769K [0x00000000e0000000, 0x00000000e9180000, 0x0000000100000000)
  eden space 91136K, 0% used [0x00000000e0000000,0x00000000e0000000,0x00000000e5900000)
  from space 8192K, 94% used [0x00000000e8980000,0x00000000e9116768,0x00000000e9180000)
  to   space 10752K, 0% used [0x00000000e7c80000,0x00000000e7c80000,0x00000000e8700000)
 ParOldGen       total 115200K, used 11334K [0x00000000a0000000, 0x00000000a7080000, 0x00000000e0000000)
  object space 115200K, 9% used [0x00000000a0000000,0x00000000a0b11a80,0x00000000a7080000)
 Metaspace       used 28645K, capacity 29174K, committed 29696K, reserved 1075200K
  class space    used 3854K, capacity 4013K, committed 4096K, reserved 1048576K
}
Event: 7.678 GC heap before
{Heap before GC invocations=6 (full 1):
 PSYoungGen      total 99328K, used 98905K [0x00000000e0000000, 0x00000000e9180000, 0x0000000100000000)
  eden space 91136K, 100% used [0x00000000e0000000,0x00000000e5900000,0x00000000e5900000)
  from space 8192K, 94% used [0x00000000e8980000,0x00000000e9116768,0x00000000e9180000)
  to   space 10752K, 0% used [0x00000000e7c80000,0x00000000e7c80000,0x00000000e8700000)
 ParOldGen       total 115200K, used 11334K [0x00000000a0000000, 0x00000000a7080000, 0x00000000e0000000)
  object space 115200K, 9% used [0x00000000a0000000,0x00000000a0b11a80,0x00000000a7080000)
 Metaspace       used 33498K, capacity 34070K, committed 34560K, reserved 1079296K
  class space    used 4597K, capacity 4784K, committed 4864K, reserved 1048576K
Event: 7.697 GC heap after
Heap after GC invocations=6 (full 1):
 PSYoungGen      total 138240K, used 10384K [0x00000000e0000000, 0x00000000e9b80000, 0x0000000100000000)
  eden space 127488K, 0% used [0x00000000e0000000,0x00000000e0000000,0x00000000e7c80000)
  from space 10752K, 96% used [0x00000000e7c80000,0x00000000e86a42a0,0x00000000e8700000)
  to   space 13312K, 0% used [0x00000000e8e80000,0x00000000e8e80000,0x00000000e9b80000)
 ParOldGen       total 115200K, used 11342K [0x00000000a0000000, 0x00000000a7080000, 0x00000000e0000000)
  object space 115200K, 9% used [0x00000000a0000000,0x00000000a0b13a80,0x00000000a7080000)
 Metaspace       used 33498K, capacity 34070K, committed 34560K, reserved 1079296K
  class space    used 4597K, capacity 4784K, committed 4864K, reserved 1048576K
}
Event: 8.381 GC heap before
{Heap before GC invocations=7 (full 1):
 PSYoungGen      total 138240K, used 40422K [0x00000000e0000000, 0x00000000e9b80000, 0x0000000100000000)
  eden space 127488K, 23% used [0x00000000e0000000,0x00000000e1d55718,0x00000000e7c80000)
  from space 10752K, 96% used [0x00000000e7c80000,0x00000000e86a42a0,0x00000000e8700000)
  to   space 13312K, 0% used [0x00000000e8e80000,0x00000000e8e80000,0x00000000e9b80000)
 ParOldGen       total 115200K, used 11342K [0x00000000a0000000, 0x00000000a7080000, 0x00000000e0000000)
  object space 115200K, 9% used [0x00000000a0000000,0x00000000a0b13a80,0x00000000a7080000)
 Metaspace       used 34545K, capacity 35176K, committed 35416K, reserved 1079296K
  class space    used 4743K, capacity 4937K, committed 4992K, reserved 1048576K
Event: 8.393 GC heap after
Heap after GC invocations=7 (full 1):
 PSYoungGen      total 140800K, used 8711K [0x00000000e0000000, 0x00000000e9b80000, 0x0000000100000000)
  eden space 127488K, 0% used [0x00000000e0000000,0x00000000e0000000,0x00000000e7c80000)
  from space 13312K, 65% used [0x00000000e8e80000,0x00000000e9701f58,0x00000000e9b80000)
  to   space 10752K, 0% used [0x00000000e7c80000,0x00000000e7c80000,0x00000000e8700000)
 ParOldGen       total 115200K, used 11350K [0x00000000a0000000, 0x00000000a7080000, 0x00000000e0000000)
  object space 115200K, 9% used [0x00000000a0000000,0x00000000a0b15a80,0x00000000a7080000)
 Metaspace       used 34545K, capacity 35176K, committed 35416K, reserved 1079296K
  class space    used 4743K, capacity 4937K, committed 4992K, reserved 1048576K
}
Event: 8.393 GC heap before
{Heap before GC invocations=8 (full 2):
 PSYoungGen      total 140800K, used 8711K [0x00000000e0000000, 0x00000000e9b80000, 0x0000000100000000)
  eden space 127488K, 0% used [0x00000000e0000000,0x00000000e0000000,0x00000000e7c80000)
  from space 13312K, 65% used [0x00000000e8e80000,0x00000000e9701f58,0x00000000e9b80000)
  to   space 10752K, 0% used [0x00000000e7c80000,0x00000000e7c80000,0x00000000e8700000)
 ParOldGen       total 115200K, used 11350K [0x00000000a0000000, 0x00000000a7080000, 0x00000000e0000000)
  object space 115200K, 9% used [0x00000000a0000000,0x00000000a0b15a80,0x00000000a7080000)
 Metaspace       used 34545K, capacity 35176K, committed 35416K, reserved 1079296K
  class space    used 4743K, capacity 4937K, committed 4992K, reserved 1048576K
Event: 8.487 GC heap after
Heap after GC invocations=8 (full 2):
 PSYoungGen      total 140800K, used 0K [0x00000000e0000000, 0x00000000e9b80000, 0x0000000100000000)
  eden space 127488K, 0% used [0x00000000e0000000,0x00000000e0000000,0x00000000e7c80000)
  from space 13312K, 0% used [0x00000000e8e80000,0x00000000e8e80000,0x00000000e9b80000)
  to   space 10752K, 0% used [0x00000000e7c80000,0x00000000e7c80000,0x00000000e8700000)
 ParOldGen       total 115200K, used 15679K [0x00000000a0000000, 0x00000000a7080000, 0x00000000e0000000)
  object space 115200K, 13% used [0x00000000a0000000,0x00000000a0f4ff00,0x00000000a7080000)
 Metaspace       used 34545K, capacity 35176K, committed 35416K, reserved 1079296K
  class space    used 4743K, capacity 4937K, committed 4992K, reserved 1048576K
}

