# JRE version: OpenJDK Runtime Environment (8.0_202-b03) (build 1.8.0_202-release-1483-b03)
# Java VM: OpenJDK 64-Bit Server VM (25.202-b03 mixed mode windows-amd64 compressed oops)
Heap:
 PSYoungGen      total 188928K, used 128710K [0x00000000e0000000, 0x00000000ed780000, 0x0000000100000000)
  eden space 163328K, 63% used [0x00000000e0000000,0x00000000e64b1ef0,0x00000000e9f80000)
  from space 25600K, 99% used [0x00000000ea280000,0x00000000ebb7fcf8,0x00000000ebb80000)
  to   space 28672K, 0% used [0x00000000ebb80000,0x00000000ebb80000,0x00000000ed780000)
 ParOldGen       total 269312K, used 35801K [0x00000000a0000000, 0x00000000b0700000, 0x00000000e0000000)
  object space 269312K, 13% used [0x00000000a0000000,0x00000000a22f6730,0x00000000b0700000)
 Metaspace       used 75564K, capacity 78746K, committed 78808K, reserved 1118208K
  class space    used 9794K, capacity 10434K, committed 10496K, reserved 1048576K
GC Heap History (10 events):
Event: 11.291 GC heap before
{Heap before GC invocations=12 (full 3):
 PSYoungGen      total 151040K, used 16099K [0x00000000e0000000, 0x00000000ec580000, 0x0000000100000000)
  eden space 133632K, 0% used [0x00000000e0000000,0x00000000e0000000,0x00000000e8280000)
  from space 17408K, 92% used [0x00000000e8280000,0x00000000e9238ea8,0x00000000e9380000)
  to   space 18944K, 0% used [0x00000000eb300000,0x00000000eb300000,0x00000000ec580000)
 ParOldGen       total 182272K, used 21266K [0x00000000a0000000, 0x00000000ab200000, 0x00000000e0000000)
  object space 182272K, 11% used [0x00000000a0000000,0x00000000a14c4988,0x00000000ab200000)
 Metaspace       used 57038K, capacity 58972K, committed 59028K, reserved 1099776K
  class space    used 7812K, capacity 8265K, committed 8320K, reserved 1048576K
Event: 11.528 GC heap after
Heap after GC invocations=12 (full 3):
 PSYoungGen      total 151040K, used 0K [0x00000000e0000000, 0x00000000ec580000, 0x0000000100000000)
  eden space 133632K, 0% used [0x00000000e0000000,0x00000000e0000000,0x00000000e8280000)
  from space 17408K, 0% used [0x00000000e8280000,0x00000000e8280000,0x00000000e9380000)
  to   space 18944K, 0% used [0x00000000eb300000,0x00000000eb300000,0x00000000ec580000)
 ParOldGen       total 269312K, used 30297K [0x00000000a0000000, 0x00000000b0700000, 0x00000000e0000000)
  object space 269312K, 11% used [0x00000000a0000000,0x00000000a1d964e0,0x00000000b0700000)
 Metaspace       used 56869K, capacity 58486K, committed 59028K, reserved 1099776K
  class space    used 7760K, capacity 8174K, committed 8320K, reserved 1048576K
}
Event: 82.350 GC heap before
{Heap before GC invocations=13 (full 3):
 PSYoungGen      total 151040K, used 133632K [0x00000000e0000000, 0x00000000ec580000, 0x0000000100000000)
  eden space 133632K, 100% used [0x00000000e0000000,0x00000000e8280000,0x00000000e8280000)
  from space 17408K, 0% used [0x00000000e8280000,0x00000000e8280000,0x00000000e9380000)
  to   space 18944K, 0% used [0x00000000eb300000,0x00000000eb300000,0x00000000ec580000)
 ParOldGen       total 269312K, used 30297K [0x00000000a0000000, 0x00000000b0700000, 0x00000000e0000000)
  object space 269312K, 11% used [0x00000000a0000000,0x00000000a1d964e0,0x00000000b0700000)
 Metaspace       used 65455K, capacity 67876K, committed 68056K, reserved 1107968K
  class space    used 8630K, capacity 9147K, committed 9216K, reserved 1048576K
Event: 82.368 GC heap after
Heap after GC invocations=13 (full 3):
 PSYoungGen      total 165888K, used 14212K [0x00000000e0000000, 0x00000000ec100000, 0x0000000100000000)
  eden space 151552K, 0% used [0x00000000e0000000,0x00000000e0000000,0x00000000e9400000)
  from space 14336K, 99% used [0x00000000eb300000,0x00000000ec0e1130,0x00000000ec100000)
  to   space 19456K, 0% used [0x00000000e9b00000,0x00000000e9b00000,0x00000000eae00000)
 ParOldGen       total 269312K, used 30305K [0x00000000a0000000, 0x00000000b0700000, 0x00000000e0000000)
  object space 269312K, 11% used [0x00000000a0000000,0x00000000a1d984e0,0x00000000b0700000)
 Metaspace       used 65455K, capacity 67876K, committed 68056K, reserved 1107968K
  class space    used 8630K, capacity 9147K, committed 9216K, reserved 1048576K
}
Event: 87.294 GC heap before
{Heap before GC invocations=14 (full 3):
 PSYoungGen      total 165888K, used 165764K [0x00000000e0000000, 0x00000000ec100000, 0x0000000100000000)
  eden space 151552K, 100% used [0x00000000e0000000,0x00000000e9400000,0x00000000e9400000)
  from space 14336K, 99% used [0x00000000eb300000,0x00000000ec0e1130,0x00000000ec100000)
  to   space 19456K, 0% used [0x00000000e9b00000,0x00000000e9b00000,0x00000000eae00000)
 ParOldGen       total 269312K, used 30305K [0x00000000a0000000, 0x00000000b0700000, 0x00000000e0000000)
  object space 269312K, 11% used [0x00000000a0000000,0x00000000a1d984e0,0x00000000b0700000)
 Metaspace       used 70779K, capacity 73646K, committed 73944K, reserved 1114112K
  class space    used 9325K, capacity 9920K, committed 9984K, reserved 1048576K
Event: 87.333 GC heap after
Heap after GC invocations=14 (full 3):
 PSYoungGen      total 178176K, used 18244K [0x00000000e0000000, 0x00000000ed000000, 0x0000000100000000)
  eden space 158720K, 0% used [0x00000000e0000000,0x00000000e0000000,0x00000000e9b00000)
  from space 19456K, 93% used [0x00000000e9b00000,0x00000000eacd1288,0x00000000eae00000)
  to   space 20992K, 0% used [0x00000000ebb80000,0x00000000ebb80000,0x00000000ed000000)
 ParOldGen       total 269312K, used 30313K [0x00000000a0000000, 0x00000000b0700000, 0x00000000e0000000)
  object space 269312K, 11% used [0x00000000a0000000,0x00000000a1d9a4e0,0x00000000b0700000)
 Metaspace       used 70779K, capacity 73646K, committed 73944K, reserved 1114112K
  class space    used 9325K, capacity 9920K, committed 9984K, reserved 1048576K
}
Event: 636.290 GC heap before
{Heap before GC invocations=15 (full 3):
 PSYoungGen      total 178176K, used 176964K [0x00000000e0000000, 0x00000000ed000000, 0x0000000100000000)
  eden space 158720K, 100% used [0x00000000e0000000,0x00000000e9b00000,0x00000000e9b00000)
  from space 19456K, 93% used [0x00000000e9b00000,0x00000000eacd1288,0x00000000eae00000)
  to   space 20992K, 0% used [0x00000000ebb80000,0x00000000ebb80000,0x00000000ed000000)
 ParOldGen       total 269312K, used 30313K [0x00000000a0000000, 0x00000000b0700000, 0x00000000e0000000)
  object space 269312K, 11% used [0x00000000a0000000,0x00000000a1d9a4e0,0x00000000b0700000)
 Metaspace       used 74028K, capacity 77086K, committed 77400K, reserved 1116160K
  class space    used 9656K, capacity 10300K, committed 10368K, reserved 1048576K
Event: 636.341 GC heap after
Heap after GC invocations=15 (full 3):
 PSYoungGen      total 187392K, used 20971K [0x00000000e0000000, 0x00000000edc80000, 0x0000000100000000)
  eden space 166400K, 0% used [0x00000000e0000000,0x00000000e0000000,0x00000000ea280000)
  from space 20992K, 99% used [0x00000000ebb80000,0x00000000ecffaf20,0x00000000ed000000)
  to   space 25600K, 0% used [0x00000000ea280000,0x00000000ea280000,0x00000000ebb80000)
 ParOldGen       total 269312K, used 35778K [0x00000000a0000000, 0x00000000b0700000, 0x00000000e0000000)
  object space 269312K, 13% used [0x00000000a0000000,0x00000000a22f0840,0x00000000b0700000)
 Metaspace       used 74028K, capacity 77086K, committed 77400K, reserved 1116160K
  class space    used 9656K, capacity 10300K, committed 10368K, reserved 1048576K
}
Event: 657.816 GC heap before
{Heap before GC invocations=16 (full 3):
 PSYoungGen      total 187392K, used 187371K [0x00000000e0000000, 0x00000000edc80000, 0x0000000100000000)
  eden space 166400K, 100% used [0x00000000e0000000,0x00000000ea280000,0x00000000ea280000)
  from space 20992K, 99% used [0x00000000ebb80000,0x00000000ecffaf20,0x00000000ed000000)
  to   space 25600K, 0% used [0x00000000ea280000,0x00000000ea280000,0x00000000ebb80000)
 ParOldGen       total 269312K, used 35778K [0x00000000a0000000, 0x00000000b0700000, 0x00000000e0000000)
  object space 269312K, 13% used [0x00000000a0000000,0x00000000a22f0840,0x00000000b0700000)
 Metaspace       used 75559K, capacity 78746K, committed 78808K, reserved 1118208K
  class space    used 9794K, capacity 10434K, committed 10496K, reserved 1048576K
Event: 657.890 GC heap after
Heap after GC invocations=16 (full 3):
 PSYoungGen      total 188928K, used 25599K [0x00000000e0000000, 0x00000000ed780000, 0x0000000100000000)
  eden space 163328K, 0% used [0x00000000e0000000,0x00000000e0000000,0x00000000e9f80000)
  from space 25600K, 99% used [0x00000000ea280000,0x00000000ebb7fcf8,0x00000000ebb80000)
  to   space 28672K, 0% used [0x00000000ebb80000,0x00000000ebb80000,0x00000000ed780000)
 ParOldGen       total 269312K, used 35801K [0x00000000a0000000, 0x00000000b0700000, 0x00000000e0000000)
  object space 269312K, 13% used [0x00000000a0000000,0x00000000a22f6730,0x00000000b0700000)
 Metaspace       used 75559K, capacity 78746K, committed 78808K, reserved 1118208K
  class space    used 9794K, capacity 10434K, committed 10496K, reserved 1048576K
}

